Arguments: 
  /usr/local/bin/node /usr/local/Cellar/yarn/1.19.1/libexec/bin/yarn.js add firebase-admin

PATH: 
  /Users/admin/Library/Android/sdk/tools:/Users/admin/Library/Android/sdk/platform-tools:/usr/local/bin:/usr/bin:/bin:/usr/sbin:/sbin:/Applications/VMware Fusion.app/Contents/Public:/Users/admin/Library/Android/sdk/tools:/Users/admin/Library/Android/sdk/platform-tools

Yarn version: 
  1.19.1

Node version: 
  10.16.3

Platform: 
  darwin x64

Trace: 
  Error: EACCES: permission denied, mkdir '/Volumes/Work/Workspaces/Withrevel/9-5-web/node_modules/@types/fs-extra'

npm manifest: 
  {
    "name": "tropicalcore",
    "version": "0.0.0",
    "private": true,
    "main": "./bin/9-5-web",
    "scripts": {
      "start": "node ./bin/9-5-web",
      "dev": "nodemon ./bin/9-5-web",
      "ui": "browser-sync start --proxy=localhost:8000 --files='**/*.css, **/*.ejs, **/*.js,**/*.js' --ignore=node_modules --reload-delay 10 --no-ui --no-notify"
    },
    "dependencies": {
      "@google/maps": "^0.4.6",
      "@sendgrid/mail": "^6.4.0",
      "aws-sdk": "^2.528.0",
      "bcrypt": "^3.0.7",
      "bluebird": "^3.7.1",
      "body-parser": "~1.15.1",
      "bwip-js": "^1.7.3",
      "client-sessions": "^0.8.0",
      "compass": "^0.1.1",
      "cookie-parser": "~1.4.3",
      "crypto-js": "^3.1.9-1",
      "csvtojson": "^2.0.10",
      "currency-formatter": "^1.5.5",
      "debug": "~2.2.0",
      "dotenv": "^8.2.0",
      "easy-livereload": "^1.3.2",
      "ejs": "~2.4.1",
      "ejs-mate": "^2.3.0",
      "express": "~4.13.4",
      "express-https-redirect": "^1.0.0",
      "express-zip": "^3.0.0",
      "formidable": "^1.2.1",
      "gulp": "^3.9.1",
      "image-optim": "^3.0.0",
      "imagemin": "^5.3.1",
      "js-autocomplete": "^1.0.4",
      "jsbarcode": "^3.8.0",
      "jsonwebtoken": "^7.4.3",
      "lodash": "^4.17.11",
      "moment": "^2.19.1",
      "morgan": "~1.7.0",
      "mv": "^2.1.1",
      "node-dev": "^4.0.0",
      "passport": "^0.4.1",
      "passport-jwt": "^4.0.0",
      "pdf-to-printer": "^1.1.2",
      "pdfkit": "^0.10.0",
      "pdfmake": "^0.1.63",
      "phone-formatter": "0.0.2",
      "redis": "^2.8.0",
      "rescode": "^0.1.10",
      "serve-favicon": "~2.3.0",
      "socket.io": "^2.0.4",
      "uniqid": "^5.0.3",
      "voilab-pdf-table": "^0.5.0"
    },
    "devDependencies": {
      "babel": "^6.23.0",
      "babel-cli": "^6.26.0",
      "babel-polyfill": "^6.16.0",
      "babel-preset-env": "^1.6.0",
      "babel-preset-es2015": "^6.24.1",
      "babel-preset-stage-0": "^6.16.0",
      "browser-sync": "^2.26.7",
      "connect-livereload": "^0.6.0",
      "gulp": "^3.9.1",
      "gulp-autoprefixer": "^3.1.1",
      "gulp-babel": "^6.1.2",
      "gulp-concat": "^2.6.0",
      "gulp-connect": "^5.0.0",
      "gulp-declare": "^0.3.0",
      "gulp-livereload": "^3.8.1",
      "gulp-minify-css": "^1.2.4",
      "gulp-plumber": "^1.1.0",
      "gulp-sourcemaps": "^1.12.0",
      "gulp-uglify": "^2.0.0",
      "require-dir": "^0.3.2",
      "nodemon": "^2.0.2"
    }
  }

yarn manifest: 
  No manifest

Lockfile: 
  No lockfile
